# JRE version: Java(TM) SE Runtime Environment (8.0_271-b09) (build 1.8.0_271-b09)
# Java VM: Java HotSpot(TM) 64-Bit Server VM (25.271-b09 mixed mode bsd-amd64 compressed oops)
Heap:
 PSYoungGen      total 442368K, used 414777K [0x0000000795580000, 0x00000007bdc00000, 0x00000007c0000000)
  eden space 408064K, 93% used [0x0000000795580000,0x00000007ac90f048,0x00000007ae400000)
  from space 34304K, 99% used [0x00000007ae400000,0x00000007b057f450,0x00000007b0580000)
  to   space 59392K, 0% used [0x00000007ba200000,0x00000007ba200000,0x00000007bdc00000)
 ParOldGen       total 175104K, used 96047K [0x0000000740000000, 0x000000074ab00000, 0x0000000795580000)
  object space 175104K, 54% used [0x0000000740000000,0x0000000745dcbeb0,0x000000074ab00000)
 Metaspace       used 29782K, capacity 30906K, committed 31104K, reserved 1077248K
  class space    used 3525K, capacity 3937K, committed 3968K, reserved 1048576K
GC Heap History (10 events):
Event: 3.153 GC heap before
{Heap before GC invocations=6 (full 0):
 PSYoungGen      total 141824K, used 46541K [0x0000000795580000, 0x00000007a8b80000, 0x00000007c0000000)
  eden space 131072K, 27% used [0x0000000795580000,0x0000000797875770,0x000000079d580000)
  from space 10752K, 99% used [0x000000079d580000,0x000000079dffe050,0x000000079e000000)
  to   space 27648K, 0% used [0x00000007a7080000,0x00000007a7080000,0x00000007a8b80000)
 ParOldGen       total 175104K, used 33809K [0x0000000740000000, 0x000000074ab00000, 0x0000000795580000)
  object space 175104K, 19% used [0x0000000740000000,0x00000007421047f0,0x000000074ab00000)
 Metaspace       used 20610K, capacity 21030K, committed 21248K, reserved 1069056K
  class space    used 2288K, capacity 2435K, committed 2560K, reserved 1048576K
Event: 3.166 GC heap after
Heap after GC invocations=6 (full 0):
 PSYoungGen      total 287744K, used 18256K [0x0000000795580000, 0x00000007a8980000, 0x00000007c0000000)
  eden space 262144K, 0% used [0x0000000795580000,0x0000000795580000,0x00000007a5580000)
  from space 25600K, 71% used [0x00000007a7080000,0x00000007a8254100,0x00000007a8980000)
  to   space 26624K, 0% used [0x00000007a5580000,0x00000007a5580000,0x00000007a6f80000)
 ParOldGen       total 175104K, used 33809K [0x0000000740000000, 0x000000074ab00000, 0x0000000795580000)
  object space 175104K, 19% used [0x0000000740000000,0x00000007421047f0,0x000000074ab00000)
 Metaspace       used 20610K, capacity 21030K, committed 21248K, reserved 1069056K
  class space    used 2288K, capacity 2435K, committed 2560K, reserved 1048576K
}
Event: 3.166 GC heap before
{Heap before GC invocations=7 (full 1):
 PSYoungGen      total 287744K, used 18256K [0x0000000795580000, 0x00000007a8980000, 0x00000007c0000000)
  eden space 262144K, 0% used [0x0000000795580000,0x0000000795580000,0x00000007a5580000)
  from space 25600K, 71% used [0x00000007a7080000,0x00000007a8254100,0x00000007a8980000)
  to   space 26624K, 0% used [0x00000007a5580000,0x00000007a5580000,0x00000007a6f80000)
 ParOldGen       total 175104K, used 33809K [0x0000000740000000, 0x000000074ab00000, 0x0000000795580000)
  object space 175104K, 19% used [0x0000000740000000,0x00000007421047f0,0x000000074ab00000)
 Metaspace       used 20610K, capacity 21030K, committed 21248K, reserved 1069056K
  class space    used 2288K, capacity 2435K, committed 2560K, reserved 1048576K
Event: 3.246 GC heap after
Heap after GC invocations=7 (full 1):
 PSYoungGen      total 287744K, used 0K [0x0000000795580000, 0x00000007a8980000, 0x00000007c0000000)
  eden space 262144K, 0% used [0x0000000795580000,0x0000000795580000,0x00000007a5580000)
  from space 25600K, 0% used [0x00000007a7080000,0x00000007a7080000,0x00000007a8980000)
  to   space 26624K, 0% used [0x00000007a5580000,0x00000007a5580000,0x00000007a6f80000)
 ParOldGen       total 175104K, used 42637K [0x0000000740000000, 0x000000074ab00000, 0x0000000795580000)
  object space 175104K, 24% used [0x0000000740000000,0x00000007429a3468,0x000000074ab00000)
 Metaspace       used 20610K, capacity 21030K, committed 21248K, reserved 1069056K
  class space    used 2288K, capacity 2435K, committed 2560K, reserved 1048576K
}
Event: 4.510 GC heap before
{Heap before GC invocations=8 (full 1):
 PSYoungGen      total 287744K, used 262144K [0x0000000795580000, 0x00000007a8980000, 0x00000007c0000000)
  eden space 262144K, 100% used [0x0000000795580000,0x00000007a5580000,0x00000007a5580000)
  from space 25600K, 0% used [0x00000007a7080000,0x00000007a7080000,0x00000007a8980000)
  to   space 26624K, 0% used [0x00000007a5580000,0x00000007a5580000,0x00000007a6f80000)
 ParOldGen       total 175104K, used 42637K [0x0000000740000000, 0x000000074ab00000, 0x0000000795580000)
  object space 175104K, 24% used [0x0000000740000000,0x00000007429a3468,0x000000074ab00000)
 Metaspace       used 27298K, capacity 28230K, committed 28416K, reserved 1075200K
  class space    used 3152K, capacity 3495K, committed 3584K, reserved 1048576K
Event: 4.531 GC heap after
Heap after GC invocations=8 (full 1):
 PSYoungGen      total 288768K, used 26610K [0x0000000795580000, 0x00000007b2380000, 0x00000007c0000000)
  eden space 262144K, 0% used [0x0000000795580000,0x0000000795580000,0x00000007a5580000)
  from space 26624K, 99% used [0x00000007a5580000,0x00000007a6f7c990,0x00000007a6f80000)
  to   space 30720K, 0% used [0x00000007b0580000,0x00000007b0580000,0x00000007b2380000)
 ParOldGen       total 175104K, used 44417K [0x0000000740000000, 0x000000074ab00000, 0x0000000795580000)
  object space 175104K, 25% used [0x0000000740000000,0x0000000742b60560,0x000000074ab00000)
 Metaspace       used 27298K, capacity 28230K, committed 28416K, reserved 1075200K
  class space    used 3152K, capacity 3495K, committed 3584K, reserved 1048576K
}
Event: 5.213 GC heap before
{Heap before GC invocations=9 (full 1):
 PSYoungGen      total 288768K, used 288754K [0x0000000795580000, 0x00000007b2380000, 0x00000007c0000000)
  eden space 262144K, 100% used [0x0000000795580000,0x00000007a5580000,0x00000007a5580000)
  from space 26624K, 99% used [0x00000007a5580000,0x00000007a6f7c990,0x00000007a6f80000)
  to   space 30720K, 0% used [0x00000007b0580000,0x00000007b0580000,0x00000007b2380000)
 ParOldGen       total 175104K, used 44417K [0x0000000740000000, 0x000000074ab00000, 0x0000000795580000)
  object space 175104K, 25% used [0x0000000740000000,0x0000000742b60560,0x000000074ab00000)
 Metaspace       used 29230K, capacity 30196K, committed 30336K, reserved 1075200K
  class space    used 3499K, capacity 3870K, committed 3968K, reserved 1048576K
Event: 5.233 GC heap after
Heap after GC invocations=9 (full 1):
 PSYoungGen      total 438784K, used 30475K [0x0000000795580000, 0x00000007b2800000, 0x00000007c0000000)
  eden space 408064K, 0% used [0x0000000795580000,0x0000000795580000,0x00000007ae400000)
  from space 30720K, 99% used [0x00000007b0580000,0x00000007b2342d28,0x00000007b2380000)
  to   space 34304K, 0% used [0x00000007ae400000,0x00000007ae400000,0x00000007b0580000)
 ParOldGen       total 175104K, used 44425K [0x0000000740000000, 0x000000074ab00000, 0x0000000795580000)
  object space 175104K, 25% used [0x0000000740000000,0x0000000742b62560,0x000000074ab00000)
 Metaspace       used 29230K, capacity 30196K, committed 30336K, reserved 1075200K
  class space    used 3499K, capacity 3870K, committed 3968K, reserved 1048576K
}
Event: 7.006 GC heap before
{Heap before GC invocations=10 (full 1):
 PSYoungGen      total 438784K, used 438539K [0x0000000795580000, 0x00000007b2800000, 0x00000007c0000000)
  eden space 408064K, 100% used [0x0000000795580000,0x00000007ae400000,0x00000007ae400000)
  from space 30720K, 99% used [0x00000007b0580000,0x00000007b2342d28,0x00000007b2380000)
  to   space 34304K, 0% used [0x00000007ae400000,0x00000007ae400000,0x00000007b0580000)
 ParOldGen       total 175104K, used 44425K [0x0000000740000000, 0x000000074ab00000, 0x0000000795580000)
  object space 175104K, 25% used [0x0000000740000000,0x0000000742b62560,0x000000074ab00000)
 Metaspace       used 29745K, capacity 30768K, committed 30848K, reserved 1077248K
  class space    used 3521K, capacity 3935K, committed 3968K, reserved 1048576K
Event: 7.055 GC heap after
Heap after GC invocations=10 (full 1):
 PSYoungGen      total 442368K, used 34301K [0x0000000795580000, 0x00000007bdc00000, 0x00000007c0000000)
  eden space 408064K, 0% used [0x0000000795580000,0x0000000795580000,0x00000007ae400000)
  from space 34304K, 99% used [0x00000007ae400000,0x00000007b057f450,0x00000007b0580000)
  to   space 59392K, 0% used [0x00000007ba200000,0x00000007ba200000,0x00000007bdc00000)
 ParOldGen       total 175104K, used 96047K [0x0000000740000000, 0x000000074ab00000, 0x0000000795580000)
  object space 175104K, 54% used [0x0000000740000000,0x0000000745dcbeb0,0x000000074ab00000)
 Metaspace       used 29745K, capacity 30768K, committed 30848K, reserved 1077248K
  class space    used 3521K, capacity 3935K, committed 3968K, reserved 1048576K
}

